CRITICAL - 2023-07-04 06:30:17 --> Invalid file: "admin_lte_index.php"
in SYSTEMPATH/Exceptions/FrameworkException.php on line 33.
 1 SYSTEMPATH/View/View.php(201): CodeIgniter\Exceptions\FrameworkException::forInvalidFile()
 2 SYSTEMPATH/Common.php(1184): CodeIgniter\View\View->render()
 3 APPPATH/Controllers/CustomersController.php(18): view()
 4 SYSTEMPATH/CodeIgniter.php(934): App\Controllers\CustomersController->index()
 5 SYSTEMPATH/CodeIgniter.php(499): CodeIgniter\CodeIgniter->runController()
 6 SYSTEMPATH/CodeIgniter.php(368): CodeIgniter\CodeIgniter->handleRequest()
 7 FCPATH/index.php(67): CodeIgniter\CodeIgniter->run()
 8 SYSTEMPATH/Commands/Server/rewrite.php(47): require_once('FCPATH/index.php')
CRITICAL - 2023-07-04 06:31:19 --> Invalid file: "customer_list.php"
in SYSTEMPATH/Exceptions/FrameworkException.php on line 33.
 1 SYSTEMPATH/View/View.php(201): CodeIgniter\Exceptions\FrameworkException::forInvalidFile()
 2 SYSTEMPATH/Common.php(1184): CodeIgniter\View\View->render()
 3 APPPATH/Controllers/CustomersController.php(18): view()
 4 SYSTEMPATH/CodeIgniter.php(934): App\Controllers\CustomersController->index()
 5 SYSTEMPATH/CodeIgniter.php(499): CodeIgniter\CodeIgniter->runController()
 6 SYSTEMPATH/CodeIgniter.php(368): CodeIgniter\CodeIgniter->handleRequest()
 7 FCPATH/index.php(67): CodeIgniter\CodeIgniter->run()
 8 SYSTEMPATH/Commands/Server/rewrite.php(47): require_once('FCPATH/index.php')
ERROR - 2023-07-04 07:08:18 --> ErrorException: SQLite3::query(): Unable to prepare statement: 1, no such column: customers.inet_id in /home/nixon/Kuliah/Pem-Web/CI4/codeigniter4-framework-e91e4fa/system/Database/SQLite3/Connection.php:146
Stack trace:
#0 [internal function]: CodeIgniter\Debug\Exceptions->errorHandler()
#1 /home/nixon/Kuliah/Pem-Web/CI4/codeigniter4-framework-e91e4fa/system/Database/SQLite3/Connection.php(146): SQLite3->query()
#2 /home/nixon/Kuliah/Pem-Web/CI4/codeigniter4-framework-e91e4fa/system/Database/BaseConnection.php(691): CodeIgniter\Database\SQLite3\Connection->execute()
#3 /home/nixon/Kuliah/Pem-Web/CI4/codeigniter4-framework-e91e4fa/system/Database/BaseConnection.php(605): CodeIgniter\Database\BaseConnection->simpleQuery()
#4 /home/nixon/Kuliah/Pem-Web/CI4/codeigniter4-framework-e91e4fa/system/Database/BaseBuilder.php(1616): CodeIgniter\Database\BaseConnection->query()
#5 /home/nixon/Kuliah/Pem-Web/CI4/codeigniter4-framework-e91e4fa/app/Controllers/CustomersController.php(19): CodeIgniter\Database\BaseBuilder->get()
#6 /home/nixon/Kuliah/Pem-Web/CI4/codeigniter4-framework-e91e4fa/system/CodeIgniter.php(934): App\Controllers\CustomersController->index()
#7 /home/nixon/Kuliah/Pem-Web/CI4/codeigniter4-framework-e91e4fa/system/CodeIgniter.php(499): CodeIgniter\CodeIgniter->runController()
#8 /home/nixon/Kuliah/Pem-Web/CI4/codeigniter4-framework-e91e4fa/system/CodeIgniter.php(368): CodeIgniter\CodeIgniter->handleRequest()
#9 /home/nixon/Kuliah/Pem-Web/CI4/codeigniter4-framework-e91e4fa/public/index.php(67): CodeIgniter\CodeIgniter->run()
#10 /home/nixon/Kuliah/Pem-Web/CI4/codeigniter4-framework-e91e4fa/system/Commands/Server/rewrite.php(47): require_once('...')
#11 {main}
CRITICAL - 2023-07-04 07:08:18 --> SQLite3::query(): Unable to prepare statement: 1, no such column: customers.inet_id
in SYSTEMPATH/Database/BaseConnection.php on line 645.
 1 SYSTEMPATH/Database/BaseBuilder.php(1616): CodeIgniter\Database\BaseConnection->query()
 2 APPPATH/Controllers/CustomersController.php(19): CodeIgniter\Database\BaseBuilder->get()
 3 SYSTEMPATH/CodeIgniter.php(934): App\Controllers\CustomersController->index()
 4 SYSTEMPATH/CodeIgniter.php(499): CodeIgniter\CodeIgniter->runController()
 5 SYSTEMPATH/CodeIgniter.php(368): CodeIgniter\CodeIgniter->handleRequest()
 6 FCPATH/index.php(67): CodeIgniter\CodeIgniter->run()
 7 SYSTEMPATH/Commands/Server/rewrite.php(47): require_once('FCPATH/index.php')
ERROR - 2023-07-04 07:16:54 --> ErrorException: SQLite3::query(): Unable to prepare statement: 1, no such column: customers.id in /home/nixon/Kuliah/Pem-Web/CI4/codeigniter4-framework-e91e4fa/system/Database/SQLite3/Connection.php:146
Stack trace:
#0 [internal function]: CodeIgniter\Debug\Exceptions->errorHandler()
#1 /home/nixon/Kuliah/Pem-Web/CI4/codeigniter4-framework-e91e4fa/system/Database/SQLite3/Connection.php(146): SQLite3->query()
#2 /home/nixon/Kuliah/Pem-Web/CI4/codeigniter4-framework-e91e4fa/system/Database/BaseConnection.php(691): CodeIgniter\Database\SQLite3\Connection->execute()
#3 /home/nixon/Kuliah/Pem-Web/CI4/codeigniter4-framework-e91e4fa/system/Database/BaseConnection.php(605): CodeIgniter\Database\BaseConnection->simpleQuery()
#4 /home/nixon/Kuliah/Pem-Web/CI4/codeigniter4-framework-e91e4fa/system/Database/BaseBuilder.php(1616): CodeIgniter\Database\BaseConnection->query()
#5 /home/nixon/Kuliah/Pem-Web/CI4/codeigniter4-framework-e91e4fa/system/Model.php(200): CodeIgniter\Database\BaseBuilder->get()
#6 /home/nixon/Kuliah/Pem-Web/CI4/codeigniter4-framework-e91e4fa/system/BaseModel.php(557): CodeIgniter\Model->doFind()
#7 /home/nixon/Kuliah/Pem-Web/CI4/codeigniter4-framework-e91e4fa/app/Controllers/CustomersController.php(49): CodeIgniter\BaseModel->find()
#8 /home/nixon/Kuliah/Pem-Web/CI4/codeigniter4-framework-e91e4fa/system/CodeIgniter.php(934): App\Controllers\CustomersController->edit()
#9 /home/nixon/Kuliah/Pem-Web/CI4/codeigniter4-framework-e91e4fa/system/CodeIgniter.php(499): CodeIgniter\CodeIgniter->runController()
#10 /home/nixon/Kuliah/Pem-Web/CI4/codeigniter4-framework-e91e4fa/system/CodeIgniter.php(368): CodeIgniter\CodeIgniter->handleRequest()
#11 /home/nixon/Kuliah/Pem-Web/CI4/codeigniter4-framework-e91e4fa/public/index.php(67): CodeIgniter\CodeIgniter->run()
#12 /home/nixon/Kuliah/Pem-Web/CI4/codeigniter4-framework-e91e4fa/system/Commands/Server/rewrite.php(47): require_once('...')
#13 {main}
CRITICAL - 2023-07-04 07:16:54 --> SQLite3::query(): Unable to prepare statement: 1, no such column: customers.id
in SYSTEMPATH/Database/BaseConnection.php on line 645.
 1 SYSTEMPATH/Database/BaseBuilder.php(1616): CodeIgniter\Database\BaseConnection->query()
 2 SYSTEMPATH/Model.php(200): CodeIgniter\Database\BaseBuilder->get()
 3 SYSTEMPATH/BaseModel.php(557): CodeIgniter\Model->doFind()
 4 APPPATH/Controllers/CustomersController.php(49): CodeIgniter\BaseModel->find()
 5 SYSTEMPATH/CodeIgniter.php(934): App\Controllers\CustomersController->edit()
 6 SYSTEMPATH/CodeIgniter.php(499): CodeIgniter\CodeIgniter->runController()
 7 SYSTEMPATH/CodeIgniter.php(368): CodeIgniter\CodeIgniter->handleRequest()
 8 FCPATH/index.php(67): CodeIgniter\CodeIgniter->run()
 9 SYSTEMPATH/Commands/Server/rewrite.php(47): require_once('FCPATH/index.php')
ERROR - 2023-07-04 07:20:51 --> ErrorException: SQLite3::query(): Unable to prepare statement: 1, no such column: customers.id in /home/nixon/Kuliah/Pem-Web/CI4/codeigniter4-framework-e91e4fa/system/Database/SQLite3/Connection.php:146
Stack trace:
#0 [internal function]: CodeIgniter\Debug\Exceptions->errorHandler()
#1 /home/nixon/Kuliah/Pem-Web/CI4/codeigniter4-framework-e91e4fa/system/Database/SQLite3/Connection.php(146): SQLite3->query()
#2 /home/nixon/Kuliah/Pem-Web/CI4/codeigniter4-framework-e91e4fa/system/Database/BaseConnection.php(691): CodeIgniter\Database\SQLite3\Connection->execute()
#3 /home/nixon/Kuliah/Pem-Web/CI4/codeigniter4-framework-e91e4fa/system/Database/BaseConnection.php(605): CodeIgniter\Database\BaseConnection->simpleQuery()
#4 /home/nixon/Kuliah/Pem-Web/CI4/codeigniter4-framework-e91e4fa/system/Database/BaseBuilder.php(1616): CodeIgniter\Database\BaseConnection->query()
#5 /home/nixon/Kuliah/Pem-Web/CI4/codeigniter4-framework-e91e4fa/system/Model.php(200): CodeIgniter\Database\BaseBuilder->get()
#6 /home/nixon/Kuliah/Pem-Web/CI4/codeigniter4-framework-e91e4fa/system/BaseModel.php(557): CodeIgniter\Model->doFind()
#7 /home/nixon/Kuliah/Pem-Web/CI4/codeigniter4-framework-e91e4fa/app/Controllers/CustomersController.php(49): CodeIgniter\BaseModel->find()
#8 /home/nixon/Kuliah/Pem-Web/CI4/codeigniter4-framework-e91e4fa/system/CodeIgniter.php(934): App\Controllers\CustomersController->edit()
#9 /home/nixon/Kuliah/Pem-Web/CI4/codeigniter4-framework-e91e4fa/system/CodeIgniter.php(499): CodeIgniter\CodeIgniter->runController()
#10 /home/nixon/Kuliah/Pem-Web/CI4/codeigniter4-framework-e91e4fa/system/CodeIgniter.php(368): CodeIgniter\CodeIgniter->handleRequest()
#11 /home/nixon/Kuliah/Pem-Web/CI4/codeigniter4-framework-e91e4fa/public/index.php(67): CodeIgniter\CodeIgniter->run()
#12 /home/nixon/Kuliah/Pem-Web/CI4/codeigniter4-framework-e91e4fa/system/Commands/Server/rewrite.php(47): require_once('...')
#13 {main}
CRITICAL - 2023-07-04 07:20:51 --> SQLite3::query(): Unable to prepare statement: 1, no such column: customers.id
in SYSTEMPATH/Database/BaseConnection.php on line 645.
 1 SYSTEMPATH/Database/BaseBuilder.php(1616): CodeIgniter\Database\BaseConnection->query()
 2 SYSTEMPATH/Model.php(200): CodeIgniter\Database\BaseBuilder->get()
 3 SYSTEMPATH/BaseModel.php(557): CodeIgniter\Model->doFind()
 4 APPPATH/Controllers/CustomersController.php(49): CodeIgniter\BaseModel->find()
 5 SYSTEMPATH/CodeIgniter.php(934): App\Controllers\CustomersController->edit()
 6 SYSTEMPATH/CodeIgniter.php(499): CodeIgniter\CodeIgniter->runController()
 7 SYSTEMPATH/CodeIgniter.php(368): CodeIgniter\CodeIgniter->handleRequest()
 8 FCPATH/index.php(67): CodeIgniter\CodeIgniter->run()
 9 SYSTEMPATH/Commands/Server/rewrite.php(47): require_once('FCPATH/index.php')
ERROR - 2023-07-04 07:21:10 --> ErrorException: SQLite3::query(): Unable to prepare statement: 1, no such column: customers.id in /home/nixon/Kuliah/Pem-Web/CI4/codeigniter4-framework-e91e4fa/system/Database/SQLite3/Connection.php:146
Stack trace:
#0 [internal function]: CodeIgniter\Debug\Exceptions->errorHandler()
#1 /home/nixon/Kuliah/Pem-Web/CI4/codeigniter4-framework-e91e4fa/system/Database/SQLite3/Connection.php(146): SQLite3->query()
#2 /home/nixon/Kuliah/Pem-Web/CI4/codeigniter4-framework-e91e4fa/system/Database/BaseConnection.php(691): CodeIgniter\Database\SQLite3\Connection->execute()
#3 /home/nixon/Kuliah/Pem-Web/CI4/codeigniter4-framework-e91e4fa/system/Database/BaseConnection.php(605): CodeIgniter\Database\BaseConnection->simpleQuery()
#4 /home/nixon/Kuliah/Pem-Web/CI4/codeigniter4-framework-e91e4fa/system/Database/BaseBuilder.php(1616): CodeIgniter\Database\BaseConnection->query()
#5 /home/nixon/Kuliah/Pem-Web/CI4/codeigniter4-framework-e91e4fa/system/Model.php(200): CodeIgniter\Database\BaseBuilder->get()
#6 /home/nixon/Kuliah/Pem-Web/CI4/codeigniter4-framework-e91e4fa/system/BaseModel.php(557): CodeIgniter\Model->doFind()
#7 /home/nixon/Kuliah/Pem-Web/CI4/codeigniter4-framework-e91e4fa/app/Controllers/CustomersController.php(49): CodeIgniter\BaseModel->find()
#8 /home/nixon/Kuliah/Pem-Web/CI4/codeigniter4-framework-e91e4fa/system/CodeIgniter.php(934): App\Controllers\CustomersController->edit()
#9 /home/nixon/Kuliah/Pem-Web/CI4/codeigniter4-framework-e91e4fa/system/CodeIgniter.php(499): CodeIgniter\CodeIgniter->runController()
#10 /home/nixon/Kuliah/Pem-Web/CI4/codeigniter4-framework-e91e4fa/system/CodeIgniter.php(368): CodeIgniter\CodeIgniter->handleRequest()
#11 /home/nixon/Kuliah/Pem-Web/CI4/codeigniter4-framework-e91e4fa/public/index.php(67): CodeIgniter\CodeIgniter->run()
#12 /home/nixon/Kuliah/Pem-Web/CI4/codeigniter4-framework-e91e4fa/system/Commands/Server/rewrite.php(47): require_once('...')
#13 {main}
CRITICAL - 2023-07-04 07:21:10 --> SQLite3::query(): Unable to prepare statement: 1, no such column: customers.id
in SYSTEMPATH/Database/BaseConnection.php on line 645.
 1 SYSTEMPATH/Database/BaseBuilder.php(1616): CodeIgniter\Database\BaseConnection->query()
 2 SYSTEMPATH/Model.php(200): CodeIgniter\Database\BaseBuilder->get()
 3 SYSTEMPATH/BaseModel.php(557): CodeIgniter\Model->doFind()
 4 APPPATH/Controllers/CustomersController.php(49): CodeIgniter\BaseModel->find()
 5 SYSTEMPATH/CodeIgniter.php(934): App\Controllers\CustomersController->edit()
 6 SYSTEMPATH/CodeIgniter.php(499): CodeIgniter\CodeIgniter->runController()
 7 SYSTEMPATH/CodeIgniter.php(368): CodeIgniter\CodeIgniter->handleRequest()
 8 FCPATH/index.php(67): CodeIgniter\CodeIgniter->run()
 9 SYSTEMPATH/Commands/Server/rewrite.php(47): require_once('FCPATH/index.php')
ERROR - 2023-07-04 07:23:52 --> ErrorException: SQLite3::exec(): no such column: customers.id in /home/nixon/Kuliah/Pem-Web/CI4/codeigniter4-framework-e91e4fa/system/Database/SQLite3/Connection.php:145
Stack trace:
#0 [internal function]: CodeIgniter\Debug\Exceptions->errorHandler()
#1 /home/nixon/Kuliah/Pem-Web/CI4/codeigniter4-framework-e91e4fa/system/Database/SQLite3/Connection.php(145): SQLite3->exec()
#2 /home/nixon/Kuliah/Pem-Web/CI4/codeigniter4-framework-e91e4fa/system/Database/BaseConnection.php(691): CodeIgniter\Database\SQLite3\Connection->execute()
#3 /home/nixon/Kuliah/Pem-Web/CI4/codeigniter4-framework-e91e4fa/system/Database/BaseConnection.php(605): CodeIgniter\Database\BaseConnection->simpleQuery()
#4 /home/nixon/Kuliah/Pem-Web/CI4/codeigniter4-framework-e91e4fa/system/Database/BaseBuilder.php(2476): CodeIgniter\Database\BaseConnection->query()
#5 /home/nixon/Kuliah/Pem-Web/CI4/codeigniter4-framework-e91e4fa/system/Model.php(396): CodeIgniter\Database\BaseBuilder->update()
#6 /home/nixon/Kuliah/Pem-Web/CI4/codeigniter4-framework-e91e4fa/system/BaseModel.php(943): CodeIgniter\Model->doUpdate()
#7 /home/nixon/Kuliah/Pem-Web/CI4/codeigniter4-framework-e91e4fa/system/Model.php(756): CodeIgniter\BaseModel->update()
#8 /home/nixon/Kuliah/Pem-Web/CI4/codeigniter4-framework-e91e4fa/app/Controllers/CustomersController.php(68): CodeIgniter\Model->update()
#9 /home/nixon/Kuliah/Pem-Web/CI4/codeigniter4-framework-e91e4fa/system/CodeIgniter.php(934): App\Controllers\CustomersController->update()
#10 /home/nixon/Kuliah/Pem-Web/CI4/codeigniter4-framework-e91e4fa/system/CodeIgniter.php(499): CodeIgniter\CodeIgniter->runController()
#11 /home/nixon/Kuliah/Pem-Web/CI4/codeigniter4-framework-e91e4fa/system/CodeIgniter.php(368): CodeIgniter\CodeIgniter->handleRequest()
#12 /home/nixon/Kuliah/Pem-Web/CI4/codeigniter4-framework-e91e4fa/public/index.php(67): CodeIgniter\CodeIgniter->run()
#13 /home/nixon/Kuliah/Pem-Web/CI4/codeigniter4-framework-e91e4fa/system/Commands/Server/rewrite.php(47): require_once('...')
#14 {main}
CRITICAL - 2023-07-04 07:23:52 --> SQLite3::exec(): no such column: customers.id
in SYSTEMPATH/Database/BaseConnection.php on line 645.
 1 SYSTEMPATH/Database/BaseBuilder.php(2476): CodeIgniter\Database\BaseConnection->query()
 2 SYSTEMPATH/Model.php(396): CodeIgniter\Database\BaseBuilder->update()
 3 SYSTEMPATH/BaseModel.php(943): CodeIgniter\Model->doUpdate()
 4 SYSTEMPATH/Model.php(756): CodeIgniter\BaseModel->update()
 5 APPPATH/Controllers/CustomersController.php(68): CodeIgniter\Model->update()
 6 SYSTEMPATH/CodeIgniter.php(934): App\Controllers\CustomersController->update()
 7 SYSTEMPATH/CodeIgniter.php(499): CodeIgniter\CodeIgniter->runController()
 8 SYSTEMPATH/CodeIgniter.php(368): CodeIgniter\CodeIgniter->handleRequest()
 9 FCPATH/index.php(67): CodeIgniter\CodeIgniter->run()
10 SYSTEMPATH/Commands/Server/rewrite.php(47): require_once('FCPATH/index.php')
CRITICAL - 2023-07-04 07:25:04 --> There is no data to update.
in SYSTEMPATH/BaseModel.php on line 1680.
 1 SYSTEMPATH/BaseModel.php(1680): CodeIgniter\Database\Exceptions\DataException::forEmptyDataset()
 2 SYSTEMPATH/BaseModel.php(910): CodeIgniter\BaseModel->transformDataToArray()
 3 SYSTEMPATH/Model.php(756): CodeIgniter\BaseModel->update()
 4 APPPATH/Controllers/CustomersController.php(68): CodeIgniter\Model->update()
 5 SYSTEMPATH/CodeIgniter.php(934): App\Controllers\CustomersController->update()
 6 SYSTEMPATH/CodeIgniter.php(499): CodeIgniter\CodeIgniter->runController()
 7 SYSTEMPATH/CodeIgniter.php(368): CodeIgniter\CodeIgniter->handleRequest()
 8 FCPATH/index.php(67): CodeIgniter\CodeIgniter->run()
 9 SYSTEMPATH/Commands/Server/rewrite.php(47): require_once('FCPATH/index.php')
CRITICAL - 2023-07-04 07:27:02 --> There is no data to update.
in SYSTEMPATH/BaseModel.php on line 1680.
 1 SYSTEMPATH/BaseModel.php(1680): CodeIgniter\Database\Exceptions\DataException::forEmptyDataset()
 2 SYSTEMPATH/BaseModel.php(910): CodeIgniter\BaseModel->transformDataToArray()
 3 SYSTEMPATH/Model.php(756): CodeIgniter\BaseModel->update()
 4 APPPATH/Controllers/CustomersController.php(69): CodeIgniter\Model->update()
 5 SYSTEMPATH/CodeIgniter.php(934): App\Controllers\CustomersController->update()
 6 SYSTEMPATH/CodeIgniter.php(499): CodeIgniter\CodeIgniter->runController()
 7 SYSTEMPATH/CodeIgniter.php(368): CodeIgniter\CodeIgniter->handleRequest()
 8 FCPATH/index.php(67): CodeIgniter\CodeIgniter->run()
 9 SYSTEMPATH/Commands/Server/rewrite.php(47): require_once('FCPATH/index.php')
ERROR - 2023-07-04 07:32:03 --> ErrorException: SQLite3::exec(): no such column: customers.id in /home/nixon/Kuliah/Pem-Web/CI4/codeigniter4-framework-e91e4fa/system/Database/SQLite3/Connection.php:145
Stack trace:
#0 [internal function]: CodeIgniter\Debug\Exceptions->errorHandler()
#1 /home/nixon/Kuliah/Pem-Web/CI4/codeigniter4-framework-e91e4fa/system/Database/SQLite3/Connection.php(145): SQLite3->exec()
#2 /home/nixon/Kuliah/Pem-Web/CI4/codeigniter4-framework-e91e4fa/system/Database/BaseConnection.php(691): CodeIgniter\Database\SQLite3\Connection->execute()
#3 /home/nixon/Kuliah/Pem-Web/CI4/codeigniter4-framework-e91e4fa/system/Database/BaseConnection.php(605): CodeIgniter\Database\BaseConnection->simpleQuery()
#4 /home/nixon/Kuliah/Pem-Web/CI4/codeigniter4-framework-e91e4fa/system/Database/BaseBuilder.php(2476): CodeIgniter\Database\BaseConnection->query()
#5 /home/nixon/Kuliah/Pem-Web/CI4/codeigniter4-framework-e91e4fa/system/Model.php(396): CodeIgniter\Database\BaseBuilder->update()
#6 /home/nixon/Kuliah/Pem-Web/CI4/codeigniter4-framework-e91e4fa/system/BaseModel.php(943): CodeIgniter\Model->doUpdate()
#7 /home/nixon/Kuliah/Pem-Web/CI4/codeigniter4-framework-e91e4fa/system/Model.php(756): CodeIgniter\BaseModel->update()
#8 /home/nixon/Kuliah/Pem-Web/CI4/codeigniter4-framework-e91e4fa/app/Controllers/CustomersController.php(69): CodeIgniter\Model->update()
#9 /home/nixon/Kuliah/Pem-Web/CI4/codeigniter4-framework-e91e4fa/system/CodeIgniter.php(934): App\Controllers\CustomersController->update()
#10 /home/nixon/Kuliah/Pem-Web/CI4/codeigniter4-framework-e91e4fa/system/CodeIgniter.php(499): CodeIgniter\CodeIgniter->runController()
#11 /home/nixon/Kuliah/Pem-Web/CI4/codeigniter4-framework-e91e4fa/system/CodeIgniter.php(368): CodeIgniter\CodeIgniter->handleRequest()
#12 /home/nixon/Kuliah/Pem-Web/CI4/codeigniter4-framework-e91e4fa/public/index.php(67): CodeIgniter\CodeIgniter->run()
#13 /home/nixon/Kuliah/Pem-Web/CI4/codeigniter4-framework-e91e4fa/system/Commands/Server/rewrite.php(47): require_once('...')
#14 {main}
CRITICAL - 2023-07-04 07:32:03 --> SQLite3::exec(): no such column: customers.id
in SYSTEMPATH/Database/BaseConnection.php on line 645.
 1 SYSTEMPATH/Database/BaseBuilder.php(2476): CodeIgniter\Database\BaseConnection->query()
 2 SYSTEMPATH/Model.php(396): CodeIgniter\Database\BaseBuilder->update()
 3 SYSTEMPATH/BaseModel.php(943): CodeIgniter\Model->doUpdate()
 4 SYSTEMPATH/Model.php(756): CodeIgniter\BaseModel->update()
 5 APPPATH/Controllers/CustomersController.php(69): CodeIgniter\Model->update()
 6 SYSTEMPATH/CodeIgniter.php(934): App\Controllers\CustomersController->update()
 7 SYSTEMPATH/CodeIgniter.php(499): CodeIgniter\CodeIgniter->runController()
 8 SYSTEMPATH/CodeIgniter.php(368): CodeIgniter\CodeIgniter->handleRequest()
 9 FCPATH/index.php(67): CodeIgniter\CodeIgniter->run()
10 SYSTEMPATH/Commands/Server/rewrite.php(47): require_once('FCPATH/index.php')
CRITICAL - 2023-07-04 07:33:21 --> There is no data to update.
in SYSTEMPATH/BaseModel.php on line 1680.
 1 SYSTEMPATH/BaseModel.php(1680): CodeIgniter\Database\Exceptions\DataException::forEmptyDataset()
 2 SYSTEMPATH/BaseModel.php(910): CodeIgniter\BaseModel->transformDataToArray()
 3 SYSTEMPATH/Model.php(756): CodeIgniter\BaseModel->update()
 4 APPPATH/Controllers/CustomersController.php(67): CodeIgniter\Model->update()
 5 SYSTEMPATH/CodeIgniter.php(934): App\Controllers\CustomersController->update()
 6 SYSTEMPATH/CodeIgniter.php(499): CodeIgniter\CodeIgniter->runController()
 7 SYSTEMPATH/CodeIgniter.php(368): CodeIgniter\CodeIgniter->handleRequest()
 8 FCPATH/index.php(67): CodeIgniter\CodeIgniter->run()
 9 SYSTEMPATH/Commands/Server/rewrite.php(47): require_once('FCPATH/index.php')
ERROR - 2023-07-04 07:44:48 --> ErrorException: SQLite3::query(): Unable to prepare statement: 1, no such column: inets.id in /home/nixon/Kuliah/Pem-Web/CI4/codeigniter4-framework-e91e4fa/system/Database/SQLite3/Connection.php:146
Stack trace:
#0 [internal function]: CodeIgniter\Debug\Exceptions->errorHandler()
#1 /home/nixon/Kuliah/Pem-Web/CI4/codeigniter4-framework-e91e4fa/system/Database/SQLite3/Connection.php(146): SQLite3->query()
#2 /home/nixon/Kuliah/Pem-Web/CI4/codeigniter4-framework-e91e4fa/system/Database/BaseConnection.php(691): CodeIgniter\Database\SQLite3\Connection->execute()
#3 /home/nixon/Kuliah/Pem-Web/CI4/codeigniter4-framework-e91e4fa/system/Database/BaseConnection.php(605): CodeIgniter\Database\BaseConnection->simpleQuery()
#4 /home/nixon/Kuliah/Pem-Web/CI4/codeigniter4-framework-e91e4fa/system/Database/BaseBuilder.php(1616): CodeIgniter\Database\BaseConnection->query()
#5 /home/nixon/Kuliah/Pem-Web/CI4/codeigniter4-framework-e91e4fa/system/Model.php(200): CodeIgniter\Database\BaseBuilder->get()
#6 /home/nixon/Kuliah/Pem-Web/CI4/codeigniter4-framework-e91e4fa/system/BaseModel.php(557): CodeIgniter\Model->doFind()
#7 /home/nixon/Kuliah/Pem-Web/CI4/codeigniter4-framework-e91e4fa/app/Controllers/InetsController.php(39): CodeIgniter\BaseModel->find()
#8 /home/nixon/Kuliah/Pem-Web/CI4/codeigniter4-framework-e91e4fa/system/CodeIgniter.php(934): App\Controllers\InetsController->edit()
#9 /home/nixon/Kuliah/Pem-Web/CI4/codeigniter4-framework-e91e4fa/system/CodeIgniter.php(499): CodeIgniter\CodeIgniter->runController()
#10 /home/nixon/Kuliah/Pem-Web/CI4/codeigniter4-framework-e91e4fa/system/CodeIgniter.php(368): CodeIgniter\CodeIgniter->handleRequest()
#11 /home/nixon/Kuliah/Pem-Web/CI4/codeigniter4-framework-e91e4fa/public/index.php(67): CodeIgniter\CodeIgniter->run()
#12 /home/nixon/Kuliah/Pem-Web/CI4/codeigniter4-framework-e91e4fa/system/Commands/Server/rewrite.php(47): require_once('...')
#13 {main}
CRITICAL - 2023-07-04 07:44:48 --> SQLite3::query(): Unable to prepare statement: 1, no such column: inets.id
in SYSTEMPATH/Database/BaseConnection.php on line 645.
 1 SYSTEMPATH/Database/BaseBuilder.php(1616): CodeIgniter\Database\BaseConnection->query()
 2 SYSTEMPATH/Model.php(200): CodeIgniter\Database\BaseBuilder->get()
 3 SYSTEMPATH/BaseModel.php(557): CodeIgniter\Model->doFind()
 4 APPPATH/Controllers/InetsController.php(39): CodeIgniter\BaseModel->find()
 5 SYSTEMPATH/CodeIgniter.php(934): App\Controllers\InetsController->edit()
 6 SYSTEMPATH/CodeIgniter.php(499): CodeIgniter\CodeIgniter->runController()
 7 SYSTEMPATH/CodeIgniter.php(368): CodeIgniter\CodeIgniter->handleRequest()
 8 FCPATH/index.php(67): CodeIgniter\CodeIgniter->run()
 9 SYSTEMPATH/Commands/Server/rewrite.php(47): require_once('FCPATH/index.php')
CRITICAL - 2023-07-04 07:45:52 --> Cannot use object of type App\Models\InetModel as array
in APPPATH/Views/inets/edit.php on line 7.
 1 SYSTEMPATH/View/View.php(213): include()
 2 SYSTEMPATH/View/View.php(216): CodeIgniter\View\View->CodeIgniter\View\{closure}()
 3 SYSTEMPATH/Common.php(1184): CodeIgniter\View\View->render()
 4 APPPATH/Controllers/InetsController.php(41): view()
 5 SYSTEMPATH/CodeIgniter.php(934): App\Controllers\InetsController->edit()
 6 SYSTEMPATH/CodeIgniter.php(499): CodeIgniter\CodeIgniter->runController()
 7 SYSTEMPATH/CodeIgniter.php(368): CodeIgniter\CodeIgniter->handleRequest()
 8 FCPATH/index.php(67): CodeIgniter\CodeIgniter->run()
 9 SYSTEMPATH/Commands/Server/rewrite.php(47): require_once('FCPATH/index.php')
