CRITICAL - 2023-04-07 17:53:46 --> Invalid file: "customers_list.php"
in SYSTEMPATH/Exceptions/FrameworkException.php on line 33.
 1 SYSTEMPATH/View/View.php(201): CodeIgniter\Exceptions\FrameworkException::forInvalidFile()
 2 SYSTEMPATH/Common.php(1184): CodeIgniter\View\View->render()
 3 APPPATH/Controllers/CustomersController.php(15): view()
 4 SYSTEMPATH/CodeIgniter.php(934): App\Controllers\CustomersController->index()
 5 SYSTEMPATH/CodeIgniter.php(499): CodeIgniter\CodeIgniter->runController()
 6 SYSTEMPATH/CodeIgniter.php(368): CodeIgniter\CodeIgniter->handleRequest()
 7 FCPATH/index.php(67): CodeIgniter\CodeIgniter->run()
 8 SYSTEMPATH/Commands/Server/rewrite.php(47): require_once('FCPATH/index.php')
CRITICAL - 2023-04-07 18:11:50 --> Undefined variable $inets
in APPPATH/Views/customers/create.php on line 17.
 1 APPPATH/Views/customers/create.php(17): CodeIgniter\Debug\Exceptions->errorHandler()
 2 SYSTEMPATH/View/View.php(213): include('APPPATH/Views/customers/create.php')
 3 SYSTEMPATH/View/View.php(216): CodeIgniter\View\View->CodeIgniter\View\{closure}()
 4 SYSTEMPATH/Common.php(1184): CodeIgniter\View\View->render()
 5 APPPATH/Controllers/CustomersController.php(36): view()
 6 SYSTEMPATH/CodeIgniter.php(934): App\Controllers\CustomersController->create()
 7 SYSTEMPATH/CodeIgniter.php(499): CodeIgniter\CodeIgniter->runController()
 8 SYSTEMPATH/CodeIgniter.php(368): CodeIgniter\CodeIgniter->handleRequest()
 9 FCPATH/index.php(67): CodeIgniter\CodeIgniter->run()
10 SYSTEMPATH/Commands/Server/rewrite.php(47): require_once('FCPATH/index.php')
CRITICAL - 2023-04-07 18:41:36 --> Array to string conversion
in APPPATH/Controllers/InetsController.php on line 33.
 1 APPPATH/Controllers/InetsController.php(33): CodeIgniter\Debug\Exceptions->errorHandler()
 2 SYSTEMPATH/CodeIgniter.php(934): App\Controllers\InetsController->store()
 3 SYSTEMPATH/CodeIgniter.php(499): CodeIgniter\CodeIgniter->runController()
 4 SYSTEMPATH/CodeIgniter.php(368): CodeIgniter\CodeIgniter->handleRequest()
 5 FCPATH/index.php(67): CodeIgniter\CodeIgniter->run()
 6 SYSTEMPATH/Commands/Server/rewrite.php(47): require_once('FCPATH/index.php')
CRITICAL - 2023-04-07 18:42:18 --> syntax error, unexpected token "}"
in APPPATH/Controllers/InetsController.php on line 35.
 1 SYSTEMPATH/Autoloader/Autoloader.php(289): CodeIgniter\Autoloader\Autoloader->includeFile()
 2 SYSTEMPATH/Autoloader/Autoloader.php(267): CodeIgniter\Autoloader\Autoloader->loadInNamespace()
 3 [internal function]: CodeIgniter\Autoloader\Autoloader->loadClass()
 4 SYSTEMPATH/CodeIgniter.php(892): class_exists()
 5 SYSTEMPATH/CodeIgniter.php(486): CodeIgniter\CodeIgniter->startController()
 6 SYSTEMPATH/CodeIgniter.php(368): CodeIgniter\CodeIgniter->handleRequest()
 7 FCPATH/index.php(67): CodeIgniter\CodeIgniter->run()
 8 SYSTEMPATH/Commands/Server/rewrite.php(47): require_once('FCPATH/index.php')
ERROR - 2023-04-07 18:54:17 --> ErrorException: SQLite3::exec(): no such table: main.inet in /home/nixon/Kuliah/Pem-Web/CI4/codeigniter4-framework-e91e4fa/system/Database/SQLite3/Connection.php:145
Stack trace:
#0 [internal function]: CodeIgniter\Debug\Exceptions->errorHandler()
#1 /home/nixon/Kuliah/Pem-Web/CI4/codeigniter4-framework-e91e4fa/system/Database/SQLite3/Connection.php(145): SQLite3->exec()
#2 /home/nixon/Kuliah/Pem-Web/CI4/codeigniter4-framework-e91e4fa/system/Database/BaseConnection.php(691): CodeIgniter\Database\SQLite3\Connection->execute()
#3 /home/nixon/Kuliah/Pem-Web/CI4/codeigniter4-framework-e91e4fa/system/Database/BaseConnection.php(605): CodeIgniter\Database\BaseConnection->simpleQuery()
#4 /home/nixon/Kuliah/Pem-Web/CI4/codeigniter4-framework-e91e4fa/system/Database/BaseBuilder.php(2309): CodeIgniter\Database\BaseConnection->query()
#5 /home/nixon/Kuliah/Pem-Web/CI4/codeigniter4-framework-e91e4fa/system/Model.php(330): CodeIgniter\Database\BaseBuilder->insert()
#6 /home/nixon/Kuliah/Pem-Web/CI4/codeigniter4-framework-e91e4fa/system/BaseModel.php(782): CodeIgniter\Model->doInsert()
#7 /home/nixon/Kuliah/Pem-Web/CI4/codeigniter4-framework-e91e4fa/system/Model.php(730): CodeIgniter\BaseModel->insert()
#8 /home/nixon/Kuliah/Pem-Web/CI4/codeigniter4-framework-e91e4fa/app/Controllers/CustomersController.php(35): CodeIgniter\Model->insert()
#9 /home/nixon/Kuliah/Pem-Web/CI4/codeigniter4-framework-e91e4fa/system/CodeIgniter.php(934): App\Controllers\CustomersController->store()
#10 /home/nixon/Kuliah/Pem-Web/CI4/codeigniter4-framework-e91e4fa/system/CodeIgniter.php(499): CodeIgniter\CodeIgniter->runController()
#11 /home/nixon/Kuliah/Pem-Web/CI4/codeigniter4-framework-e91e4fa/system/CodeIgniter.php(368): CodeIgniter\CodeIgniter->handleRequest()
#12 /home/nixon/Kuliah/Pem-Web/CI4/codeigniter4-framework-e91e4fa/public/index.php(67): CodeIgniter\CodeIgniter->run()
#13 /home/nixon/Kuliah/Pem-Web/CI4/codeigniter4-framework-e91e4fa/system/Commands/Server/rewrite.php(47): require_once('...')
#14 {main}
CRITICAL - 2023-04-07 18:54:17 --> SQLite3::exec(): no such table: main.inet
in SYSTEMPATH/Database/BaseConnection.php on line 645.
 1 SYSTEMPATH/Database/BaseBuilder.php(2309): CodeIgniter\Database\BaseConnection->query()
 2 SYSTEMPATH/Model.php(330): CodeIgniter\Database\BaseBuilder->insert()
 3 SYSTEMPATH/BaseModel.php(782): CodeIgniter\Model->doInsert()
 4 SYSTEMPATH/Model.php(730): CodeIgniter\BaseModel->insert()
 5 APPPATH/Controllers/CustomersController.php(35): CodeIgniter\Model->insert()
 6 SYSTEMPATH/CodeIgniter.php(934): App\Controllers\CustomersController->store()
 7 SYSTEMPATH/CodeIgniter.php(499): CodeIgniter\CodeIgniter->runController()
 8 SYSTEMPATH/CodeIgniter.php(368): CodeIgniter\CodeIgniter->handleRequest()
 9 FCPATH/index.php(67): CodeIgniter\CodeIgniter->run()
10 SYSTEMPATH/Commands/Server/rewrite.php(47): require_once('FCPATH/index.php')
CRITICAL - 2023-04-07 18:57:13 --> Undefined variable $inets
in APPPATH/Views/customers/create.php on line 17.
 1 APPPATH/Views/customers/create.php(17): CodeIgniter\Debug\Exceptions->errorHandler()
 2 SYSTEMPATH/View/View.php(213): include('APPPATH/Views/customers/create.php')
 3 SYSTEMPATH/View/View.php(216): CodeIgniter\View\View->CodeIgniter\View\{closure}()
 4 SYSTEMPATH/Common.php(1184): CodeIgniter\View\View->render()
 5 APPPATH/Controllers/CustomersController.php(22): view()
 6 SYSTEMPATH/CodeIgniter.php(934): App\Controllers\CustomersController->create()
 7 SYSTEMPATH/CodeIgniter.php(499): CodeIgniter\CodeIgniter->runController()
 8 SYSTEMPATH/CodeIgniter.php(368): CodeIgniter\CodeIgniter->handleRequest()
 9 FCPATH/index.php(67): CodeIgniter\CodeIgniter->run()
10 SYSTEMPATH/Commands/Server/rewrite.php(47): require_once('FCPATH/index.php')
ERROR - 2023-04-07 18:58:07 --> ErrorException: SQLite3::exec(): no such table: main.inet in /home/nixon/Kuliah/Pem-Web/CI4/codeigniter4-framework-e91e4fa/system/Database/SQLite3/Connection.php:145
Stack trace:
#0 [internal function]: CodeIgniter\Debug\Exceptions->errorHandler()
#1 /home/nixon/Kuliah/Pem-Web/CI4/codeigniter4-framework-e91e4fa/system/Database/SQLite3/Connection.php(145): SQLite3->exec()
#2 /home/nixon/Kuliah/Pem-Web/CI4/codeigniter4-framework-e91e4fa/system/Database/BaseConnection.php(691): CodeIgniter\Database\SQLite3\Connection->execute()
#3 /home/nixon/Kuliah/Pem-Web/CI4/codeigniter4-framework-e91e4fa/system/Database/BaseConnection.php(605): CodeIgniter\Database\BaseConnection->simpleQuery()
#4 /home/nixon/Kuliah/Pem-Web/CI4/codeigniter4-framework-e91e4fa/system/Database/BaseBuilder.php(2309): CodeIgniter\Database\BaseConnection->query()
#5 /home/nixon/Kuliah/Pem-Web/CI4/codeigniter4-framework-e91e4fa/system/Model.php(330): CodeIgniter\Database\BaseBuilder->insert()
#6 /home/nixon/Kuliah/Pem-Web/CI4/codeigniter4-framework-e91e4fa/system/BaseModel.php(782): CodeIgniter\Model->doInsert()
#7 /home/nixon/Kuliah/Pem-Web/CI4/codeigniter4-framework-e91e4fa/system/Model.php(730): CodeIgniter\BaseModel->insert()
#8 /home/nixon/Kuliah/Pem-Web/CI4/codeigniter4-framework-e91e4fa/app/Controllers/CustomersController.php(35): CodeIgniter\Model->insert()
#9 /home/nixon/Kuliah/Pem-Web/CI4/codeigniter4-framework-e91e4fa/system/CodeIgniter.php(934): App\Controllers\CustomersController->store()
#10 /home/nixon/Kuliah/Pem-Web/CI4/codeigniter4-framework-e91e4fa/system/CodeIgniter.php(499): CodeIgniter\CodeIgniter->runController()
#11 /home/nixon/Kuliah/Pem-Web/CI4/codeigniter4-framework-e91e4fa/system/CodeIgniter.php(368): CodeIgniter\CodeIgniter->handleRequest()
#12 /home/nixon/Kuliah/Pem-Web/CI4/codeigniter4-framework-e91e4fa/public/index.php(67): CodeIgniter\CodeIgniter->run()
#13 /home/nixon/Kuliah/Pem-Web/CI4/codeigniter4-framework-e91e4fa/system/Commands/Server/rewrite.php(47): require_once('...')
#14 {main}
CRITICAL - 2023-04-07 18:58:07 --> SQLite3::exec(): no such table: main.inet
in SYSTEMPATH/Database/BaseConnection.php on line 645.
 1 SYSTEMPATH/Database/BaseBuilder.php(2309): CodeIgniter\Database\BaseConnection->query()
 2 SYSTEMPATH/Model.php(330): CodeIgniter\Database\BaseBuilder->insert()
 3 SYSTEMPATH/BaseModel.php(782): CodeIgniter\Model->doInsert()
 4 SYSTEMPATH/Model.php(730): CodeIgniter\BaseModel->insert()
 5 APPPATH/Controllers/CustomersController.php(35): CodeIgniter\Model->insert()
 6 SYSTEMPATH/CodeIgniter.php(934): App\Controllers\CustomersController->store()
 7 SYSTEMPATH/CodeIgniter.php(499): CodeIgniter\CodeIgniter->runController()
 8 SYSTEMPATH/CodeIgniter.php(368): CodeIgniter\CodeIgniter->handleRequest()
 9 FCPATH/index.php(67): CodeIgniter\CodeIgniter->run()
10 SYSTEMPATH/Commands/Server/rewrite.php(47): require_once('FCPATH/index.php')
ERROR - 2023-04-07 19:03:35 --> ErrorException: SQLite3::exec(): no such table: main.inet in /home/nixon/Kuliah/Pem-Web/CI4/codeigniter4-framework-e91e4fa/system/Database/SQLite3/Connection.php:145
Stack trace:
#0 [internal function]: CodeIgniter\Debug\Exceptions->errorHandler()
#1 /home/nixon/Kuliah/Pem-Web/CI4/codeigniter4-framework-e91e4fa/system/Database/SQLite3/Connection.php(145): SQLite3->exec()
#2 /home/nixon/Kuliah/Pem-Web/CI4/codeigniter4-framework-e91e4fa/system/Database/BaseConnection.php(691): CodeIgniter\Database\SQLite3\Connection->execute()
#3 /home/nixon/Kuliah/Pem-Web/CI4/codeigniter4-framework-e91e4fa/system/Database/BaseConnection.php(605): CodeIgniter\Database\BaseConnection->simpleQuery()
#4 /home/nixon/Kuliah/Pem-Web/CI4/codeigniter4-framework-e91e4fa/system/Database/BaseBuilder.php(2309): CodeIgniter\Database\BaseConnection->query()
#5 /home/nixon/Kuliah/Pem-Web/CI4/codeigniter4-framework-e91e4fa/system/Model.php(330): CodeIgniter\Database\BaseBuilder->insert()
#6 /home/nixon/Kuliah/Pem-Web/CI4/codeigniter4-framework-e91e4fa/system/BaseModel.php(782): CodeIgniter\Model->doInsert()
#7 /home/nixon/Kuliah/Pem-Web/CI4/codeigniter4-framework-e91e4fa/system/Model.php(730): CodeIgniter\BaseModel->insert()
#8 /home/nixon/Kuliah/Pem-Web/CI4/codeigniter4-framework-e91e4fa/app/Controllers/CustomersController.php(35): CodeIgniter\Model->insert()
#9 /home/nixon/Kuliah/Pem-Web/CI4/codeigniter4-framework-e91e4fa/system/CodeIgniter.php(934): App\Controllers\CustomersController->store()
#10 /home/nixon/Kuliah/Pem-Web/CI4/codeigniter4-framework-e91e4fa/system/CodeIgniter.php(499): CodeIgniter\CodeIgniter->runController()
#11 /home/nixon/Kuliah/Pem-Web/CI4/codeigniter4-framework-e91e4fa/system/CodeIgniter.php(368): CodeIgniter\CodeIgniter->handleRequest()
#12 /home/nixon/Kuliah/Pem-Web/CI4/codeigniter4-framework-e91e4fa/public/index.php(67): CodeIgniter\CodeIgniter->run()
#13 /home/nixon/Kuliah/Pem-Web/CI4/codeigniter4-framework-e91e4fa/system/Commands/Server/rewrite.php(47): require_once('...')
#14 {main}
CRITICAL - 2023-04-07 19:03:35 --> SQLite3::exec(): no such table: main.inet
in SYSTEMPATH/Database/BaseConnection.php on line 645.
 1 SYSTEMPATH/Database/BaseBuilder.php(2309): CodeIgniter\Database\BaseConnection->query()
 2 SYSTEMPATH/Model.php(330): CodeIgniter\Database\BaseBuilder->insert()
 3 SYSTEMPATH/BaseModel.php(782): CodeIgniter\Model->doInsert()
 4 SYSTEMPATH/Model.php(730): CodeIgniter\BaseModel->insert()
 5 APPPATH/Controllers/CustomersController.php(35): CodeIgniter\Model->insert()
 6 SYSTEMPATH/CodeIgniter.php(934): App\Controllers\CustomersController->store()
 7 SYSTEMPATH/CodeIgniter.php(499): CodeIgniter\CodeIgniter->runController()
 8 SYSTEMPATH/CodeIgniter.php(368): CodeIgniter\CodeIgniter->handleRequest()
 9 FCPATH/index.php(67): CodeIgniter\CodeIgniter->run()
10 SYSTEMPATH/Commands/Server/rewrite.php(47): require_once('FCPATH/index.php')
ERROR - 2023-04-07 19:06:56 --> ErrorException: SQLite3::exec(): no such table: main.inet in /home/nixon/Kuliah/Pem-Web/CI4/codeigniter4-framework-e91e4fa/system/Database/SQLite3/Connection.php:145
Stack trace:
#0 [internal function]: CodeIgniter\Debug\Exceptions->errorHandler()
#1 /home/nixon/Kuliah/Pem-Web/CI4/codeigniter4-framework-e91e4fa/system/Database/SQLite3/Connection.php(145): SQLite3->exec()
#2 /home/nixon/Kuliah/Pem-Web/CI4/codeigniter4-framework-e91e4fa/system/Database/BaseConnection.php(691): CodeIgniter\Database\SQLite3\Connection->execute()
#3 /home/nixon/Kuliah/Pem-Web/CI4/codeigniter4-framework-e91e4fa/system/Database/BaseConnection.php(605): CodeIgniter\Database\BaseConnection->simpleQuery()
#4 /home/nixon/Kuliah/Pem-Web/CI4/codeigniter4-framework-e91e4fa/system/Database/BaseBuilder.php(2309): CodeIgniter\Database\BaseConnection->query()
#5 /home/nixon/Kuliah/Pem-Web/CI4/codeigniter4-framework-e91e4fa/system/Model.php(330): CodeIgniter\Database\BaseBuilder->insert()
#6 /home/nixon/Kuliah/Pem-Web/CI4/codeigniter4-framework-e91e4fa/system/BaseModel.php(782): CodeIgniter\Model->doInsert()
#7 /home/nixon/Kuliah/Pem-Web/CI4/codeigniter4-framework-e91e4fa/system/Model.php(730): CodeIgniter\BaseModel->insert()
#8 /home/nixon/Kuliah/Pem-Web/CI4/codeigniter4-framework-e91e4fa/app/Controllers/CustomersController.php(35): CodeIgniter\Model->insert()
#9 /home/nixon/Kuliah/Pem-Web/CI4/codeigniter4-framework-e91e4fa/system/CodeIgniter.php(934): App\Controllers\CustomersController->store()
#10 /home/nixon/Kuliah/Pem-Web/CI4/codeigniter4-framework-e91e4fa/system/CodeIgniter.php(499): CodeIgniter\CodeIgniter->runController()
#11 /home/nixon/Kuliah/Pem-Web/CI4/codeigniter4-framework-e91e4fa/system/CodeIgniter.php(368): CodeIgniter\CodeIgniter->handleRequest()
#12 /home/nixon/Kuliah/Pem-Web/CI4/codeigniter4-framework-e91e4fa/public/index.php(67): CodeIgniter\CodeIgniter->run()
#13 /home/nixon/Kuliah/Pem-Web/CI4/codeigniter4-framework-e91e4fa/system/Commands/Server/rewrite.php(47): require_once('...')
#14 {main}
CRITICAL - 2023-04-07 19:06:56 --> SQLite3::exec(): no such table: main.inet
in SYSTEMPATH/Database/BaseConnection.php on line 645.
 1 SYSTEMPATH/Database/BaseBuilder.php(2309): CodeIgniter\Database\BaseConnection->query()
 2 SYSTEMPATH/Model.php(330): CodeIgniter\Database\BaseBuilder->insert()
 3 SYSTEMPATH/BaseModel.php(782): CodeIgniter\Model->doInsert()
 4 SYSTEMPATH/Model.php(730): CodeIgniter\BaseModel->insert()
 5 APPPATH/Controllers/CustomersController.php(35): CodeIgniter\Model->insert()
 6 SYSTEMPATH/CodeIgniter.php(934): App\Controllers\CustomersController->store()
 7 SYSTEMPATH/CodeIgniter.php(499): CodeIgniter\CodeIgniter->runController()
 8 SYSTEMPATH/CodeIgniter.php(368): CodeIgniter\CodeIgniter->handleRequest()
 9 FCPATH/index.php(67): CodeIgniter\CodeIgniter->run()
10 SYSTEMPATH/Commands/Server/rewrite.php(47): require_once('FCPATH/index.php')
CRITICAL - 2023-04-07 19:17:08 --> Call to undefined function extend()
in APPPATH/Views/customers_list.php on line 2.
 1 SYSTEMPATH/View/View.php(213): include()
 2 SYSTEMPATH/View/View.php(216): CodeIgniter\View\View->CodeIgniter\View\{closure}()
 3 SYSTEMPATH/Common.php(1184): CodeIgniter\View\View->render()
 4 APPPATH/Controllers/CustomersController.php(15): view()
 5 SYSTEMPATH/CodeIgniter.php(934): App\Controllers\CustomersController->index()
 6 SYSTEMPATH/CodeIgniter.php(499): CodeIgniter\CodeIgniter->runController()
 7 SYSTEMPATH/CodeIgniter.php(368): CodeIgniter\CodeIgniter->handleRequest()
 8 FCPATH/index.php(67): CodeIgniter\CodeIgniter->run()
 9 SYSTEMPATH/Commands/Server/rewrite.php(47): require_once('FCPATH/index.php')
CRITICAL - 2023-04-07 19:34:17 --> Call to undefined method CodeIgniter\View\View::yield()
in APPPATH/Views/template.php on line 15.
 1 SYSTEMPATH/View/View.php(213): include()
 2 SYSTEMPATH/View/View.php(216): CodeIgniter\View\View->CodeIgniter\View\{closure}()
 3 SYSTEMPATH/View/View.php(229): CodeIgniter\View\View->render()
 4 SYSTEMPATH/Common.php(1184): CodeIgniter\View\View->render()
 5 APPPATH/Controllers/CustomersController.php(15): view()
 6 SYSTEMPATH/CodeIgniter.php(934): App\Controllers\CustomersController->index()
 7 SYSTEMPATH/CodeIgniter.php(499): CodeIgniter\CodeIgniter->runController()
 8 SYSTEMPATH/CodeIgniter.php(368): CodeIgniter\CodeIgniter->handleRequest()
 9 FCPATH/index.php(67): CodeIgniter\CodeIgniter->run()
10 SYSTEMPATH/Commands/Server/rewrite.php(47): require_once('FCPATH/index.php')
CRITICAL - 2023-04-07 19:35:07 --> Call to undefined method CodeIgniter\View\View::extends()
in APPPATH/Views/customers_list.php on line 2.
 1 SYSTEMPATH/View/View.php(213): include()
 2 SYSTEMPATH/View/View.php(216): CodeIgniter\View\View->CodeIgniter\View\{closure}()
 3 SYSTEMPATH/Common.php(1184): CodeIgniter\View\View->render()
 4 APPPATH/Controllers/CustomersController.php(15): view()
 5 SYSTEMPATH/CodeIgniter.php(934): App\Controllers\CustomersController->index()
 6 SYSTEMPATH/CodeIgniter.php(499): CodeIgniter\CodeIgniter->runController()
 7 SYSTEMPATH/CodeIgniter.php(368): CodeIgniter\CodeIgniter->handleRequest()
 8 FCPATH/index.php(67): CodeIgniter\CodeIgniter->run()
 9 SYSTEMPATH/Commands/Server/rewrite.php(47): require_once('FCPATH/index.php')
CRITICAL - 2023-04-07 19:50:09 --> Undefined array key "id"
in APPPATH/Views/customers/create.php on line 21.
 1 APPPATH/Views/customers/create.php(21): CodeIgniter\Debug\Exceptions->errorHandler()
 2 SYSTEMPATH/View/View.php(213): include('APPPATH/Views/customers/create.php')
 3 SYSTEMPATH/View/View.php(216): CodeIgniter\View\View->CodeIgniter\View\{closure}()
 4 SYSTEMPATH/Common.php(1184): CodeIgniter\View\View->render()
 5 APPPATH/Controllers/CustomersController.php(22): view()
 6 SYSTEMPATH/CodeIgniter.php(934): App\Controllers\CustomersController->create()
 7 SYSTEMPATH/CodeIgniter.php(499): CodeIgniter\CodeIgniter->runController()
 8 SYSTEMPATH/CodeIgniter.php(368): CodeIgniter\CodeIgniter->handleRequest()
 9 FCPATH/index.php(67): CodeIgniter\CodeIgniter->run()
10 SYSTEMPATH/Commands/Server/rewrite.php(47): require_once('FCPATH/index.php')
