CRITICAL - 2023-05-09 11:16:55 --> View themes, no current section.
in SYSTEMPATH/View/View.php on line 394.
 1 APPPATH/Views/inets_list.php(23): CodeIgniter\View\View->endSection()
 2 SYSTEMPATH/View/View.php(213): include('APPPATH/Views/inets_list.php')
 3 SYSTEMPATH/View/View.php(216): CodeIgniter\View\View->CodeIgniter\View\{closure}()
 4 SYSTEMPATH/Common.php(1184): CodeIgniter\View\View->render()
 5 APPPATH/Controllers/InetsController.php(14): view()
 6 SYSTEMPATH/CodeIgniter.php(934): App\Controllers\InetsController->index()
 7 SYSTEMPATH/CodeIgniter.php(499): CodeIgniter\CodeIgniter->runController()
 8 SYSTEMPATH/CodeIgniter.php(368): CodeIgniter\CodeIgniter->handleRequest()
 9 FCPATH/index.php(67): CodeIgniter\CodeIgniter->run()
10 SYSTEMPATH/Commands/Server/rewrite.php(47): require_once('FCPATH/index.php')
CRITICAL - 2023-05-09 11:17:33 --> View themes, no current section.
in SYSTEMPATH/View/View.php on line 394.
 1 APPPATH/Views/inets_list.php(23): CodeIgniter\View\View->endSection()
 2 SYSTEMPATH/View/View.php(213): include('APPPATH/Views/inets_list.php')
 3 SYSTEMPATH/View/View.php(216): CodeIgniter\View\View->CodeIgniter\View\{closure}()
 4 SYSTEMPATH/Common.php(1184): CodeIgniter\View\View->render()
 5 APPPATH/Controllers/InetsController.php(14): view()
 6 SYSTEMPATH/CodeIgniter.php(934): App\Controllers\InetsController->index()
 7 SYSTEMPATH/CodeIgniter.php(499): CodeIgniter\CodeIgniter->runController()
 8 SYSTEMPATH/CodeIgniter.php(368): CodeIgniter\CodeIgniter->handleRequest()
 9 FCPATH/index.php(67): CodeIgniter\CodeIgniter->run()
10 SYSTEMPATH/Commands/Server/rewrite.php(47): require_once('FCPATH/index.php')
CRITICAL - 2023-05-09 12:22:13 --> syntax error, unexpected token "<"
in APPPATH/Views/admin_lte_index.php on line 1341.
 1 SYSTEMPATH/View/View.php(216): CodeIgniter\View\View->CodeIgniter\View\{closure}()
 2 SYSTEMPATH/Common.php(1184): CodeIgniter\View\View->render()
 3 APPPATH/Controllers/CustomersController.php(18): view()
 4 SYSTEMPATH/CodeIgniter.php(934): App\Controllers\CustomersController->index()
 5 SYSTEMPATH/CodeIgniter.php(499): CodeIgniter\CodeIgniter->runController()
 6 SYSTEMPATH/CodeIgniter.php(368): CodeIgniter\CodeIgniter->handleRequest()
 7 FCPATH/index.php(67): CodeIgniter\CodeIgniter->run()
 8 SYSTEMPATH/Commands/Server/rewrite.php(47): require_once('FCPATH/index.php')
CRITICAL - 2023-05-09 12:35:23 --> Undefined property: CodeIgniter\View\View::$load
in APPPATH/Views/admin_lte_index.php on line 715.
 1 APPPATH/Views/admin_lte_index.php(715): CodeIgniter\Debug\Exceptions->errorHandler()
 2 SYSTEMPATH/View/View.php(213): include('APPPATH/Views/admin_lte_index.php')
 3 SYSTEMPATH/View/View.php(216): CodeIgniter\View\View->CodeIgniter\View\{closure}()
 4 SYSTEMPATH/Common.php(1184): CodeIgniter\View\View->render()
 5 APPPATH/Controllers/CustomersController.php(18): view()
 6 SYSTEMPATH/CodeIgniter.php(934): App\Controllers\CustomersController->index()
 7 SYSTEMPATH/CodeIgniter.php(499): CodeIgniter\CodeIgniter->runController()
 8 SYSTEMPATH/CodeIgniter.php(368): CodeIgniter\CodeIgniter->handleRequest()
 9 FCPATH/index.php(67): CodeIgniter\CodeIgniter->run()
10 SYSTEMPATH/Commands/Server/rewrite.php(47): require_once('FCPATH/index.php')
